Looking for git in: git
Using git 2.20.1 from git
> git rev-parse --show-toplevel
fatal: no es un repositorio git ( o ningún padre en el punto de montado /home)
Parando en el límite del sistema de archivos (GIT_DISCOVERY_ACROSS_FILESYSTEM no establecido).
> git rev-parse --show-toplevel
> git rev-parse --show-toplevel
> git rev-parse --show-toplevel
fatal: no es un repositorio git ( o ningún padre en el punto de montado /home)
Parando en el límite del sistema de archivos (GIT_DISCOVERY_ACROSS_FILESYSTEM no establecido).
> git rev-parse --show-toplevel
> git rev-parse --show-toplevel
> git rev-parse --show-toplevel
fatal: no es un repositorio git ( o ningún padre en el punto de montado /home)
Parando en el límite del sistema de archivos (GIT_DISCOVERY_ACROSS_FILESYSTEM no establecido).
> git rev-parse --show-toplevel
fatal: no es un repositorio git ( o ningún padre en el punto de montado /home)
Parando en el límite del sistema de archivos (GIT_DISCOVERY_ACROSS_FILESYSTEM no establecido).
> git rev-parse --show-toplevel
fatal: no es un repositorio git ( o ningún padre en el punto de montado /home)
Parando en el límite del sistema de archivos (GIT_DISCOVERY_ACROSS_FILESYSTEM no establecido).
> git rev-parse --show-toplevel
fatal: no es un repositorio git ( o ningún padre en el punto de montado /home)
Parando en el límite del sistema de archivos (GIT_DISCOVERY_ACROSS_FILESYSTEM no establecido).
> git rev-parse --show-toplevel
fatal: no es un repositorio git ( o ningún padre en el punto de montado /home)
Parando en el límite del sistema de archivos (GIT_DISCOVERY_ACROSS_FILESYSTEM no establecido).
> git rev-parse --show-toplevel
fatal: no es un repositorio git ( o ningún padre en el punto de montado /home)
Parando en el límite del sistema de archivos (GIT_DISCOVERY_ACROSS_FILESYSTEM no establecido).
> git rev-parse --show-toplevel
fatal: no es un repositorio git ( o ningún padre en el punto de montado /home)
Parando en el límite del sistema de archivos (GIT_DISCOVERY_ACROSS_FILESYSTEM no establecido).
> git rev-parse --show-toplevel
fatal: no es un repositorio git ( o ningún padre en el punto de montado /home)
Parando en el límite del sistema de archivos (GIT_DISCOVERY_ACROSS_FILESYSTEM no establecido).
> git rev-parse --show-toplevel
fatal: no es un repositorio git ( o ningún padre en el punto de montado /home)
Parando en el límite del sistema de archivos (GIT_DISCOVERY_ACROSS_FILESYSTEM no establecido).
> git rev-parse --show-toplevel
fatal: no es un repositorio git ( o ningún padre en el punto de montado /home)
Parando en el límite del sistema de archivos (GIT_DISCOVERY_ACROSS_FILESYSTEM no establecido).
> git rev-parse --show-toplevel
fatal: no es un repositorio git ( o ningún padre en el punto de montado /home)
Parando en el límite del sistema de archivos (GIT_DISCOVERY_ACROSS_FILESYSTEM no establecido).
> git rev-parse --show-toplevel
fatal: no es un repositorio git ( o ningún padre en el punto de montado /home)
Parando en el límite del sistema de archivos (GIT_DISCOVERY_ACROSS_FILESYSTEM no establecido).
> git rev-parse --show-toplevel
fatal: no es un repositorio git ( o ningún padre en el punto de montado /home)
Parando en el límite del sistema de archivos (GIT_DISCOVERY_ACROSS_FILESYSTEM no establecido).
> git rev-parse --show-toplevel
fatal: no es un repositorio git ( o ningún padre en el punto de montado /home)
Parando en el límite del sistema de archivos (GIT_DISCOVERY_ACROSS_FILESYSTEM no establecido).
> git rev-parse --show-toplevel
fatal: no es un repositorio git ( o ningún padre en el punto de montado /home)
Parando en el límite del sistema de archivos (GIT_DISCOVERY_ACROSS_FILESYSTEM no establecido).
> git rev-parse --show-toplevel
fatal: no es un repositorio git ( o ningún padre en el punto de montado /home)
Parando en el límite del sistema de archivos (GIT_DISCOVERY_ACROSS_FILESYSTEM no establecido).
> git rev-parse --show-toplevel
fatal: no es un repositorio git ( o ningún padre en el punto de montado /home)
Parando en el límite del sistema de archivos (GIT_DISCOVERY_ACROSS_FILESYSTEM no establecido).
> git rev-parse --show-toplevel
fatal: no es un repositorio git ( o ningún padre en el punto de montado /home)
Parando en el límite del sistema de archivos (GIT_DISCOVERY_ACROSS_FILESYSTEM no establecido).
> git rev-parse --show-toplevel
fatal: no es un repositorio git ( o ningún padre en el punto de montado /home)
Parando en el límite del sistema de archivos (GIT_DISCOVERY_ACROSS_FILESYSTEM no establecido).
> git rev-parse --show-toplevel
fatal: no es un repositorio git ( o ningún padre en el punto de montado /home)
Parando en el límite del sistema de archivos (GIT_DISCOVERY_ACROSS_FILESYSTEM no establecido).
> git rev-parse --show-toplevel
fatal: no es un repositorio git ( o ningún padre en el punto de montado /home)
Parando en el límite del sistema de archivos (GIT_DISCOVERY_ACROSS_FILESYSTEM no establecido).
> git rev-parse --show-toplevel
fatal: no es un repositorio git ( o ningún padre en el punto de montado /home)
Parando en el límite del sistema de archivos (GIT_DISCOVERY_ACROSS_FILESYSTEM no establecido).
> git rev-parse --show-toplevel
fatal: no es un repositorio git ( o ningún padre en el punto de montado /home)
Parando en el límite del sistema de archivos (GIT_DISCOVERY_ACROSS_FILESYSTEM no establecido).
> git rev-parse --show-toplevel
fatal: no es un repositorio git ( o ningún padre en el punto de montado /home)
Parando en el límite del sistema de archivos (GIT_DISCOVERY_ACROSS_FILESYSTEM no establecido).
> git rev-parse --show-toplevel
fatal: no es un repositorio git ( o ningún padre en el punto de montado /home)
Parando en el límite del sistema de archivos (GIT_DISCOVERY_ACROSS_FILESYSTEM no establecido).
> git rev-parse --show-toplevel
fatal: no es un repositorio git ( o ningún padre en el punto de montado /home)
Parando en el límite del sistema de archivos (GIT_DISCOVERY_ACROSS_FILESYSTEM no establecido).
> git rev-parse --show-toplevel
fatal: no es un repositorio git ( o ningún padre en el punto de montado /home)
Parando en el límite del sistema de archivos (GIT_DISCOVERY_ACROSS_FILESYSTEM no establecido).
> git rev-parse --show-toplevel
fatal: no es un repositorio git ( o ningún padre en el punto de montado /home)
Parando en el límite del sistema de archivos (GIT_DISCOVERY_ACROSS_FILESYSTEM no establecido).
> git rev-parse --show-toplevel
fatal: no es un repositorio git ( o ningún padre en el punto de montado /home)
Parando en el límite del sistema de archivos (GIT_DISCOVERY_ACROSS_FILESYSTEM no establecido).
> git rev-parse --show-toplevel
fatal: no es un repositorio git ( o ningún padre en el punto de montado /home)
Parando en el límite del sistema de archivos (GIT_DISCOVERY_ACROSS_FILESYSTEM no establecido).
> git rev-parse --show-toplevel
fatal: no es un repositorio git ( o ningún padre en el punto de montado /home)
Parando en el límite del sistema de archivos (GIT_DISCOVERY_ACROSS_FILESYSTEM no establecido).
> git rev-parse --show-toplevel
fatal: no es un repositorio git ( o ningún padre en el punto de montado /home)
Parando en el límite del sistema de archivos (GIT_DISCOVERY_ACROSS_FILESYSTEM no establecido).
> git rev-parse --show-toplevel
fatal: no es un repositorio git ( o ningún padre en el punto de montado /home)
Parando en el límite del sistema de archivos (GIT_DISCOVERY_ACROSS_FILESYSTEM no establecido).
> git rev-parse --show-toplevel
fatal: no es un repositorio git ( o ningún padre en el punto de montado /home)
Parando en el límite del sistema de archivos (GIT_DISCOVERY_ACROSS_FILESYSTEM no establecido).
> git rev-parse --show-toplevel
fatal: no es un repositorio git ( o ningún padre en el punto de montado /home)
Parando en el límite del sistema de archivos (GIT_DISCOVERY_ACROSS_FILESYSTEM no establecido).
> git rev-parse --show-toplevel
fatal: no es un repositorio git ( o ningún padre en el punto de montado /home)
Parando en el límite del sistema de archivos (GIT_DISCOVERY_ACROSS_FILESYSTEM no establecido).
> git rev-parse --show-toplevel
fatal: no es un repositorio git ( o ningún padre en el punto de montado /home)
Parando en el límite del sistema de archivos (GIT_DISCOVERY_ACROSS_FILESYSTEM no establecido).
> git rev-parse --show-toplevel
fatal: no es un repositorio git ( o ningún padre en el punto de montado /home)
Parando en el límite del sistema de archivos (GIT_DISCOVERY_ACROSS_FILESYSTEM no establecido).
> git rev-parse --show-toplevel
fatal: no es un repositorio git ( o ningún padre en el punto de montado /home)
Parando en el límite del sistema de archivos (GIT_DISCOVERY_ACROSS_FILESYSTEM no establecido).
> git rev-parse --show-toplevel
fatal: no es un repositorio git ( o ningún padre en el punto de montado /home)
Parando en el límite del sistema de archivos (GIT_DISCOVERY_ACROSS_FILESYSTEM no establecido).
> git rev-parse --show-toplevel
fatal: no es un repositorio git ( o ningún padre en el punto de montado /home)
Parando en el límite del sistema de archivos (GIT_DISCOVERY_ACROSS_FILESYSTEM no establecido).
> git rev-parse --show-toplevel
fatal: no es un repositorio git ( o ningún padre en el punto de montado /home)
Parando en el límite del sistema de archivos (GIT_DISCOVERY_ACROSS_FILESYSTEM no establecido).
> git rev-parse --show-toplevel
fatal: no es un repositorio git ( o ningún padre en el punto de montado /home)
Parando en el límite del sistema de archivos (GIT_DISCOVERY_ACROSS_FILESYSTEM no establecido).
> git rev-parse --show-toplevel
fatal: no es un repositorio git ( o ningún padre en el punto de montado /home)
Parando en el límite del sistema de archivos (GIT_DISCOVERY_ACROSS_FILESYSTEM no establecido).
> git rev-parse --show-toplevel
fatal: no es un repositorio git ( o ningún padre en el punto de montado /home)
Parando en el límite del sistema de archivos (GIT_DISCOVERY_ACROSS_FILESYSTEM no establecido).
> git rev-parse --show-toplevel
fatal: no es un repositorio git ( o ningún padre en el punto de montado /home)
Parando en el límite del sistema de archivos (GIT_DISCOVERY_ACROSS_FILESYSTEM no establecido).
> git rev-parse --show-toplevel
fatal: no es un repositorio git ( o ningún padre en el punto de montado /home)
Parando en el límite del sistema de archivos (GIT_DISCOVERY_ACROSS_FILESYSTEM no establecido).
> git rev-parse --show-toplevel
fatal: no es un repositorio git ( o ningún padre en el punto de montado /home)
Parando en el límite del sistema de archivos (GIT_DISCOVERY_ACROSS_FILESYSTEM no establecido).
> git rev-parse --show-toplevel
fatal: no es un repositorio git ( o ningún padre en el punto de montado /home)
Parando en el límite del sistema de archivos (GIT_DISCOVERY_ACROSS_FILESYSTEM no establecido).
> git rev-parse --show-toplevel
fatal: no es un repositorio git ( o ningún padre en el punto de montado /home)
Parando en el límite del sistema de archivos (GIT_DISCOVERY_ACROSS_FILESYSTEM no establecido).
> git rev-parse --show-toplevel
fatal: no es un repositorio git ( o ningún padre en el punto de montado /home)
Parando en el límite del sistema de archivos (GIT_DISCOVERY_ACROSS_FILESYSTEM no establecido).
> git rev-parse --show-toplevel
fatal: no es un repositorio git ( o ningún padre en el punto de montado /home)
Parando en el límite del sistema de archivos (GIT_DISCOVERY_ACROSS_FILESYSTEM no establecido).
> git rev-parse --show-toplevel
fatal: no es un repositorio git ( o ningún padre en el punto de montado /home)
Parando en el límite del sistema de archivos (GIT_DISCOVERY_ACROSS_FILESYSTEM no establecido).
> git rev-parse --show-toplevel
fatal: no es un repositorio git ( o ningún padre en el punto de montado /home)
Parando en el límite del sistema de archivos (GIT_DISCOVERY_ACROSS_FILESYSTEM no establecido).
> git rev-parse --show-toplevel
fatal: no es un repositorio git ( o ningún padre en el punto de montado /home)
Parando en el límite del sistema de archivos (GIT_DISCOVERY_ACROSS_FILESYSTEM no establecido).
> git rev-parse --show-toplevel
fatal: no es un repositorio git ( o ningún padre en el punto de montado /home)
Parando en el límite del sistema de archivos (GIT_DISCOVERY_ACROSS_FILESYSTEM no establecido).
> git rev-parse --show-toplevel
fatal: no es un repositorio git ( o ningún padre en el punto de montado /home)
Parando en el límite del sistema de archivos (GIT_DISCOVERY_ACROSS_FILESYSTEM no establecido).
> git rev-parse --show-toplevel
fatal: no es un repositorio git ( o ningún padre en el punto de montado /home)
Parando en el límite del sistema de archivos (GIT_DISCOVERY_ACROSS_FILESYSTEM no establecido).
> git rev-parse --show-toplevel
fatal: no es un repositorio git ( o ningún padre en el punto de montado /home)
Parando en el límite del sistema de archivos (GIT_DISCOVERY_ACROSS_FILESYSTEM no establecido).
> git rev-parse --show-toplevel
fatal: no es un repositorio git ( o ningún padre en el punto de montado /home)
Parando en el límite del sistema de archivos (GIT_DISCOVERY_ACROSS_FILESYSTEM no establecido).
> git rev-parse --show-toplevel
fatal: no es un repositorio git ( o ningún padre en el punto de montado /home)
Parando en el límite del sistema de archivos (GIT_DISCOVERY_ACROSS_FILESYSTEM no establecido).
> git rev-parse --show-toplevel
fatal: no es un repositorio git ( o ningún padre en el punto de montado /home)
Parando en el límite del sistema de archivos (GIT_DISCOVERY_ACROSS_FILESYSTEM no establecido).
> git rev-parse --show-toplevel
fatal: no es un repositorio git ( o ningún padre en el punto de montado /home)
Parando en el límite del sistema de archivos (GIT_DISCOVERY_ACROSS_FILESYSTEM no establecido).
> git rev-parse --show-toplevel
fatal: no es un repositorio git ( o ningún padre en el punto de montado /home)
Parando en el límite del sistema de archivos (GIT_DISCOVERY_ACROSS_FILESYSTEM no establecido).
> git rev-parse --show-toplevel
fatal: no es un repositorio git ( o ningún padre en el punto de montado /home)
Parando en el límite del sistema de archivos (GIT_DISCOVERY_ACROSS_FILESYSTEM no establecido).
> git rev-parse --show-toplevel
fatal: no es un repositorio git ( o ningún padre en el punto de montado /home)
Parando en el límite del sistema de archivos (GIT_DISCOVERY_ACROSS_FILESYSTEM no establecido).
> git rev-parse --show-toplevel
fatal: no es un repositorio git ( o ningún padre en el punto de montado /home)
Parando en el límite del sistema de archivos (GIT_DISCOVERY_ACROSS_FILESYSTEM no establecido).
> git rev-parse --show-toplevel
fatal: no es un repositorio git ( o ningún padre en el punto de montado /home)
Parando en el límite del sistema de archivos (GIT_DISCOVERY_ACROSS_FILESYSTEM no establecido).
> git rev-parse --show-toplevel
fatal: no es un repositorio git ( o ningún padre en el punto de montado /home)
Parando en el límite del sistema de archivos (GIT_DISCOVERY_ACROSS_FILESYSTEM no establecido).
> git rev-parse --show-toplevel
fatal: no es un repositorio git ( o ningún padre en el punto de montado /home)
Parando en el límite del sistema de archivos (GIT_DISCOVERY_ACROSS_FILESYSTEM no establecido).
> git rev-parse --show-toplevel
fatal: no es un repositorio git ( o ningún padre en el punto de montado /home)
Parando en el límite del sistema de archivos (GIT_DISCOVERY_ACROSS_FILESYSTEM no establecido).
> git rev-parse --show-toplevel
fatal: no es un repositorio git ( o ningún padre en el punto de montado /home)
Parando en el límite del sistema de archivos (GIT_DISCOVERY_ACROSS_FILESYSTEM no establecido).
> git rev-parse --show-toplevel
fatal: no es un repositorio git ( o ningún padre en el punto de montado /home)
Parando en el límite del sistema de archivos (GIT_DISCOVERY_ACROSS_FILESYSTEM no establecido).
> git rev-parse --show-toplevel
fatal: no es un repositorio git ( o ningún padre en el punto de montado /home)
Parando en el límite del sistema de archivos (GIT_DISCOVERY_ACROSS_FILESYSTEM no establecido).
> git rev-parse --show-toplevel
fatal: no es un repositorio git ( o ningún padre en el punto de montado /home)
Parando en el límite del sistema de archivos (GIT_DISCOVERY_ACROSS_FILESYSTEM no establecido).
> git rev-parse --show-toplevel
fatal: no es un repositorio git ( o ningún padre en el punto de montado /home)
Parando en el límite del sistema de archivos (GIT_DISCOVERY_ACROSS_FILESYSTEM no establecido).
> git rev-parse --show-toplevel
fatal: no es un repositorio git ( o ningún padre en el punto de montado /home)
Parando en el límite del sistema de archivos (GIT_DISCOVERY_ACROSS_FILESYSTEM no establecido).
> git rev-parse --show-toplevel
fatal: no es un repositorio git ( o ningún padre en el punto de montado /home)
Parando en el límite del sistema de archivos (GIT_DISCOVERY_ACROSS_FILESYSTEM no establecido).
> git rev-parse --show-toplevel
fatal: no es un repositorio git ( o ningún padre en el punto de montado /home)
Parando en el límite del sistema de archivos (GIT_DISCOVERY_ACROSS_FILESYSTEM no establecido).
> git rev-parse --show-toplevel
fatal: no es un repositorio git ( o ningún padre en el punto de montado /home)
Parando en el límite del sistema de archivos (GIT_DISCOVERY_ACROSS_FILESYSTEM no establecido).
> git rev-parse --show-toplevel
fatal: no es un repositorio git ( o ningún padre en el punto de montado /home)
Parando en el límite del sistema de archivos (GIT_DISCOVERY_ACROSS_FILESYSTEM no establecido).
> git rev-parse --show-toplevel
fatal: no es un repositorio git ( o ningún padre en el punto de montado /home)
Parando en el límite del sistema de archivos (GIT_DISCOVERY_ACROSS_FILESYSTEM no establecido).
> git rev-parse --show-toplevel
fatal: no es un repositorio git ( o ningún padre en el punto de montado /home)
Parando en el límite del sistema de archivos (GIT_DISCOVERY_ACROSS_FILESYSTEM no establecido).
> git rev-parse --show-toplevel
fatal: no es un repositorio git ( o ningún padre en el punto de montado /home)
Parando en el límite del sistema de archivos (GIT_DISCOVERY_ACROSS_FILESYSTEM no establecido).
> git rev-parse --show-toplevel
fatal: no es un repositorio git ( o ningún padre en el punto de montado /home)
Parando en el límite del sistema de archivos (GIT_DISCOVERY_ACROSS_FILESYSTEM no establecido).
> git rev-parse --show-toplevel
fatal: no es un repositorio git ( o ningún padre en el punto de montado /home)
Parando en el límite del sistema de archivos (GIT_DISCOVERY_ACROSS_FILESYSTEM no establecido).
> git rev-parse --show-toplevel
fatal: no es un repositorio git ( o ningún padre en el punto de montado /home)
Parando en el límite del sistema de archivos (GIT_DISCOVERY_ACROSS_FILESYSTEM no establecido).
> git rev-parse --show-toplevel
fatal: no es un repositorio git ( o ningún padre en el punto de montado /home)
Parando en el límite del sistema de archivos (GIT_DISCOVERY_ACROSS_FILESYSTEM no establecido).
> git rev-parse --show-toplevel
fatal: no es un repositorio git ( o ningún padre en el punto de montado /home)
Parando en el límite del sistema de archivos (GIT_DISCOVERY_ACROSS_FILESYSTEM no establecido).
> git rev-parse --show-toplevel
fatal: no es un repositorio git ( o ningún padre en el punto de montado /home)
Parando en el límite del sistema de archivos (GIT_DISCOVERY_ACROSS_FILESYSTEM no establecido).
> git rev-parse --show-toplevel
fatal: no es un repositorio git ( o ningún padre en el punto de montado /home)
Parando en el límite del sistema de archivos (GIT_DISCOVERY_ACROSS_FILESYSTEM no establecido).
> git rev-parse --show-toplevel
fatal: no es un repositorio git ( o ningún padre en el punto de montado /home)
Parando en el límite del sistema de archivos (GIT_DISCOVERY_ACROSS_FILESYSTEM no establecido).
> git rev-parse --show-toplevel
fatal: no es un repositorio git ( o ningún padre en el punto de montado /home)
Parando en el límite del sistema de archivos (GIT_DISCOVERY_ACROSS_FILESYSTEM no establecido).
> git rev-parse --show-toplevel
fatal: no es un repositorio git ( o ningún padre en el punto de montado /home)
Parando en el límite del sistema de archivos (GIT_DISCOVERY_ACROSS_FILESYSTEM no establecido).
> git rev-parse --show-toplevel
fatal: no es un repositorio git ( o ningún padre en el punto de montado /home)
Parando en el límite del sistema de archivos (GIT_DISCOVERY_ACROSS_FILESYSTEM no establecido).
> git rev-parse --show-toplevel
fatal: no es un repositorio git ( o ningún padre en el punto de montado /home)
Parando en el límite del sistema de archivos (GIT_DISCOVERY_ACROSS_FILESYSTEM no establecido).
> git rev-parse --show-toplevel
fatal: no es un repositorio git ( o ningún padre en el punto de montado /home)
Parando en el límite del sistema de archivos (GIT_DISCOVERY_ACROSS_FILESYSTEM no establecido).
> git rev-parse --show-toplevel
fatal: no es un repositorio git ( o ningún padre en el punto de montado /home)
Parando en el límite del sistema de archivos (GIT_DISCOVERY_ACROSS_FILESYSTEM no establecido).
> git rev-parse --show-toplevel
fatal: no es un repositorio git ( o ningún padre en el punto de montado /home)
Parando en el límite del sistema de archivos (GIT_DISCOVERY_ACROSS_FILESYSTEM no establecido).
> git rev-parse --show-toplevel
fatal: no es un repositorio git ( o ningún padre en el punto de montado /home)
Parando en el límite del sistema de archivos (GIT_DISCOVERY_ACROSS_FILESYSTEM no establecido).
> git rev-parse --show-toplevel
fatal: no es un repositorio git ( o ningún padre en el punto de montado /home)
Parando en el límite del sistema de archivos (GIT_DISCOVERY_ACROSS_FILESYSTEM no establecido).
> git rev-parse --show-toplevel
fatal: no es un repositorio git ( o ningún padre en el punto de montado /home)
Parando en el límite del sistema de archivos (GIT_DISCOVERY_ACROSS_FILESYSTEM no establecido).
> git rev-parse --show-toplevel
fatal: no es un repositorio git ( o ningún padre en el punto de montado /home)
Parando en el límite del sistema de archivos (GIT_DISCOVERY_ACROSS_FILESYSTEM no establecido).
> git rev-parse --show-toplevel
fatal: no es un repositorio git ( o ningún padre en el punto de montado /home)
Parando en el límite del sistema de archivos (GIT_DISCOVERY_ACROSS_FILESYSTEM no establecido).
> git rev-parse --show-toplevel
fatal: no es un repositorio git ( o ningún padre en el punto de montado /home)
Parando en el límite del sistema de archivos (GIT_DISCOVERY_ACROSS_FILESYSTEM no establecido).
> git rev-parse --show-toplevel
fatal: no es un repositorio git ( o ningún padre en el punto de montado /home)
Parando en el límite del sistema de archivos (GIT_DISCOVERY_ACROSS_FILESYSTEM no establecido).
> git rev-parse --show-toplevel
fatal: no es un repositorio git ( o ningún padre en el punto de montado /home)
Parando en el límite del sistema de archivos (GIT_DISCOVERY_ACROSS_FILESYSTEM no establecido).
> git rev-parse --show-toplevel
fatal: no es un repositorio git ( o ningún padre en el punto de montado /home)
Parando en el límite del sistema de archivos (GIT_DISCOVERY_ACROSS_FILESYSTEM no establecido).
> git rev-parse --show-toplevel
fatal: no es un repositorio git ( o ningún padre en el punto de montado /home)
Parando en el límite del sistema de archivos (GIT_DISCOVERY_ACROSS_FILESYSTEM no establecido).
> git rev-parse --show-toplevel
fatal: no es un repositorio git ( o ningún padre en el punto de montado /home)
Parando en el límite del sistema de archivos (GIT_DISCOVERY_ACROSS_FILESYSTEM no establecido).
> git rev-parse --show-toplevel
fatal: no es un repositorio git ( o ningún padre en el punto de montado /home)
Parando en el límite del sistema de archivos (GIT_DISCOVERY_ACROSS_FILESYSTEM no establecido).
> git rev-parse --show-toplevel
fatal: no es un repositorio git ( o ningún padre en el punto de montado /home)
Parando en el límite del sistema de archivos (GIT_DISCOVERY_ACROSS_FILESYSTEM no establecido).
> git rev-parse --show-toplevel
fatal: no es un repositorio git ( o ningún padre en el punto de montado /home)
Parando en el límite del sistema de archivos (GIT_DISCOVERY_ACROSS_FILESYSTEM no establecido).
> git rev-parse --show-toplevel
fatal: no es un repositorio git ( o ningún padre en el punto de montado /home)
Parando en el límite del sistema de archivos (GIT_DISCOVERY_ACROSS_FILESYSTEM no establecido).
> git rev-parse --show-toplevel
fatal: no es un repositorio git ( o ningún padre en el punto de montado /home)
Parando en el límite del sistema de archivos (GIT_DISCOVERY_ACROSS_FILESYSTEM no establecido).
> git rev-parse --show-toplevel
fatal: no es un repositorio git ( o ningún padre en el punto de montado /home)
Parando en el límite del sistema de archivos (GIT_DISCOVERY_ACROSS_FILESYSTEM no establecido).
> git rev-parse --show-toplevel
fatal: no es un repositorio git ( o ningún padre en el punto de montado /home)
Parando en el límite del sistema de archivos (GIT_DISCOVERY_ACROSS_FILESYSTEM no establecido).
> git rev-parse --show-toplevel
fatal: no es un repositorio git ( o ningún padre en el punto de montado /home)
Parando en el límite del sistema de archivos (GIT_DISCOVERY_ACROSS_FILESYSTEM no establecido).
> git rev-parse --show-toplevel
fatal: no es un repositorio git ( o ningún padre en el punto de montado /home)
Parando en el límite del sistema de archivos (GIT_DISCOVERY_ACROSS_FILESYSTEM no establecido).
> git rev-parse --show-toplevel
fatal: no es un repositorio git ( o ningún padre en el punto de montado /home)
Parando en el límite del sistema de archivos (GIT_DISCOVERY_ACROSS_FILESYSTEM no establecido).
> git rev-parse --show-toplevel
fatal: no es un repositorio git ( o ningún padre en el punto de montado /home)
Parando en el límite del sistema de archivos (GIT_DISCOVERY_ACROSS_FILESYSTEM no establecido).
> git rev-parse --show-toplevel
fatal: no es un repositorio git ( o ningún padre en el punto de montado /home)
Parando en el límite del sistema de archivos (GIT_DISCOVERY_ACROSS_FILESYSTEM no establecido).
> git rev-parse --show-toplevel
fatal: no es un repositorio git ( o ningún padre en el punto de montado /home)
Parando en el límite del sistema de archivos (GIT_DISCOVERY_ACROSS_FILESYSTEM no establecido).
> git rev-parse --show-toplevel
fatal: no es un repositorio git ( o ningún padre en el punto de montado /home)
Parando en el límite del sistema de archivos (GIT_DISCOVERY_ACROSS_FILESYSTEM no establecido).
> git rev-parse --show-toplevel
fatal: no es un repositorio git ( o ningún padre en el punto de montado /home)
Parando en el límite del sistema de archivos (GIT_DISCOVERY_ACROSS_FILESYSTEM no establecido).
> git rev-parse --show-toplevel
fatal: no es un repositorio git ( o ningún padre en el punto de montado /home)
Parando en el límite del sistema de archivos (GIT_DISCOVERY_ACROSS_FILESYSTEM no establecido).
> git rev-parse --show-toplevel
fatal: no es un repositorio git ( o ningún padre en el punto de montado /home)
Parando en el límite del sistema de archivos (GIT_DISCOVERY_ACROSS_FILESYSTEM no establecido).
> git rev-parse --show-toplevel
fatal: no es un repositorio git ( o ningún padre en el punto de montado /home)
Parando en el límite del sistema de archivos (GIT_DISCOVERY_ACROSS_FILESYSTEM no establecido).
> git rev-parse --show-toplevel
fatal: no es un repositorio git ( o ningún padre en el punto de montado /home)
Parando en el límite del sistema de archivos (GIT_DISCOVERY_ACROSS_FILESYSTEM no establecido).
> git rev-parse --show-toplevel
fatal: no es un repositorio git ( o ningún padre en el punto de montado /home)
Parando en el límite del sistema de archivos (GIT_DISCOVERY_ACROSS_FILESYSTEM no establecido).
> git rev-parse --show-toplevel
fatal: no es un repositorio git ( o ningún padre en el punto de montado /home)
Parando en el límite del sistema de archivos (GIT_DISCOVERY_ACROSS_FILESYSTEM no establecido).
> git rev-parse --show-toplevel
fatal: no es un repositorio git ( o ningún padre en el punto de montado /home)
Parando en el límite del sistema de archivos (GIT_DISCOVERY_ACROSS_FILESYSTEM no establecido).
> git rev-parse --show-toplevel
fatal: no es un repositorio git ( o ningún padre en el punto de montado /home)
Parando en el límite del sistema de archivos (GIT_DISCOVERY_ACROSS_FILESYSTEM no establecido).
> git rev-parse --show-toplevel
fatal: no es un repositorio git ( o ningún padre en el punto de montado /home)
Parando en el límite del sistema de archivos (GIT_DISCOVERY_ACROSS_FILESYSTEM no establecido).
> git rev-parse --show-toplevel
fatal: no es un repositorio git ( o ningún padre en el punto de montado /home)
Parando en el límite del sistema de archivos (GIT_DISCOVERY_ACROSS_FILESYSTEM no establecido).
> git rev-parse --show-toplevel
fatal: no es un repositorio git ( o ningún padre en el punto de montado /home)
Parando en el límite del sistema de archivos (GIT_DISCOVERY_ACROSS_FILESYSTEM no establecido).
> git rev-parse --show-toplevel
fatal: no es un repositorio git ( o ningún padre en el punto de montado /home)
Parando en el límite del sistema de archivos (GIT_DISCOVERY_ACROSS_FILESYSTEM no establecido).
> git rev-parse --show-toplevel
fatal: no es un repositorio git ( o ningún padre en el punto de montado /home)
Parando en el límite del sistema de archivos (GIT_DISCOVERY_ACROSS_FILESYSTEM no establecido).
> git rev-parse --show-toplevel
fatal: no es un repositorio git ( o ningún padre en el punto de montado /home)
Parando en el límite del sistema de archivos (GIT_DISCOVERY_ACROSS_FILESYSTEM no establecido).
> git rev-parse --show-toplevel
fatal: no es un repositorio git ( o ningún padre en el punto de montado /home)
Parando en el límite del sistema de archivos (GIT_DISCOVERY_ACROSS_FILESYSTEM no establecido).
> git rev-parse --show-toplevel
fatal: no es un repositorio git ( o ningún padre en el punto de montado /home)
Parando en el límite del sistema de archivos (GIT_DISCOVERY_ACROSS_FILESYSTEM no establecido).
> git rev-parse --show-toplevel
fatal: no es un repositorio git ( o ningún padre en el punto de montado /home)
Parando en el límite del sistema de archivos (GIT_DISCOVERY_ACROSS_FILESYSTEM no establecido).
> git rev-parse --show-toplevel
fatal: no es un repositorio git ( o ningún padre en el punto de montado /home)
Parando en el límite del sistema de archivos (GIT_DISCOVERY_ACROSS_FILESYSTEM no establecido).
> git rev-parse --show-toplevel
fatal: no es un repositorio git ( o ningún padre en el punto de montado /home)
Parando en el límite del sistema de archivos (GIT_DISCOVERY_ACROSS_FILESYSTEM no establecido).
> git rev-parse --show-toplevel
fatal: no es un repositorio git ( o ningún padre en el punto de montado /home)
Parando en el límite del sistema de archivos (GIT_DISCOVERY_ACROSS_FILESYSTEM no establecido).
> git rev-parse --show-toplevel
fatal: no es un repositorio git ( o ningún padre en el punto de montado /home)
Parando en el límite del sistema de archivos (GIT_DISCOVERY_ACROSS_FILESYSTEM no establecido).
> git rev-parse --show-toplevel
fatal: no es un repositorio git ( o ningún padre en el punto de montado /home)
Parando en el límite del sistema de archivos (GIT_DISCOVERY_ACROSS_FILESYSTEM no establecido).
> git rev-parse --show-toplevel
fatal: no es un repositorio git ( o ningún padre en el punto de montado /home)
Parando en el límite del sistema de archivos (GIT_DISCOVERY_ACROSS_FILESYSTEM no establecido).
> git rev-parse --show-toplevel
fatal: no es un repositorio git ( o ningún padre en el punto de montado /home)
Parando en el límite del sistema de archivos (GIT_DISCOVERY_ACROSS_FILESYSTEM no establecido).
> git rev-parse --show-toplevel
fatal: no es un repositorio git ( o ningún padre en el punto de montado /home)
Parando en el límite del sistema de archivos (GIT_DISCOVERY_ACROSS_FILESYSTEM no establecido).
> git rev-parse --show-toplevel
fatal: no es un repositorio git ( o ningún padre en el punto de montado /home)
Parando en el límite del sistema de archivos (GIT_DISCOVERY_ACROSS_FILESYSTEM no establecido).
> git rev-parse --show-toplevel
fatal: no es un repositorio git ( o ningún padre en el punto de montado /home)
Parando en el límite del sistema de archivos (GIT_DISCOVERY_ACROSS_FILESYSTEM no establecido).
> git rev-parse --show-toplevel
fatal: no es un repositorio git ( o ningún padre en el punto de montado /home)
Parando en el límite del sistema de archivos (GIT_DISCOVERY_ACROSS_FILESYSTEM no establecido).
> git rev-parse --show-toplevel
fatal: no es un repositorio git ( o ningún padre en el punto de montado /home)
Parando en el límite del sistema de archivos (GIT_DISCOVERY_ACROSS_FILESYSTEM no establecido).
> git rev-parse --show-toplevel
fatal: no es un repositorio git ( o ningún padre en el punto de montado /home)
Parando en el límite del sistema de archivos (GIT_DISCOVERY_ACROSS_FILESYSTEM no establecido).
> git rev-parse --show-toplevel
fatal: no es un repositorio git ( o ningún padre en el punto de montado /home)
Parando en el límite del sistema de archivos (GIT_DISCOVERY_ACROSS_FILESYSTEM no establecido).
> git rev-parse --show-toplevel
fatal: no es un repositorio git ( o ningún padre en el punto de montado /home)
Parando en el límite del sistema de archivos (GIT_DISCOVERY_ACROSS_FILESYSTEM no establecido).
> git rev-parse --show-toplevel
fatal: no es un repositorio git ( o ningún padre en el punto de montado /home)
Parando en el límite del sistema de archivos (GIT_DISCOVERY_ACROSS_FILESYSTEM no establecido).
> git rev-parse --show-toplevel
fatal: no es un repositorio git ( o ningún padre en el punto de montado /home)
Parando en el límite del sistema de archivos (GIT_DISCOVERY_ACROSS_FILESYSTEM no establecido).
> git rev-parse --show-toplevel
fatal: no es un repositorio git ( o ningún padre en el punto de montado /home)
Parando en el límite del sistema de archivos (GIT_DISCOVERY_ACROSS_FILESYSTEM no establecido).
> git rev-parse --show-toplevel
fatal: no es un repositorio git ( o ningún padre en el punto de montado /home)
Parando en el límite del sistema de archivos (GIT_DISCOVERY_ACROSS_FILESYSTEM no establecido).
> git rev-parse --show-toplevel
fatal: no es un repositorio git ( o ningún padre en el punto de montado /home)
Parando en el límite del sistema de archivos (GIT_DISCOVERY_ACROSS_FILESYSTEM no establecido).
> git rev-parse --show-toplevel
fatal: no es un repositorio git ( o ningún padre en el punto de montado /home)
Parando en el límite del sistema de archivos (GIT_DISCOVERY_ACROSS_FILESYSTEM no establecido).
> git rev-parse --show-toplevel
fatal: no es un repositorio git ( o ningún padre en el punto de montado /home)
Parando en el límite del sistema de archivos (GIT_DISCOVERY_ACROSS_FILESYSTEM no establecido).
> git rev-parse --show-toplevel
fatal: no es un repositorio git ( o ningún padre en el punto de montado /home)
Parando en el límite del sistema de archivos (GIT_DISCOVERY_ACROSS_FILESYSTEM no establecido).
> git rev-parse --show-toplevel
fatal: no es un repositorio git ( o ningún padre en el punto de montado /home)
Parando en el límite del sistema de archivos (GIT_DISCOVERY_ACROSS_FILESYSTEM no establecido).
> git rev-parse --show-toplevel
fatal: no es un repositorio git ( o ningún padre en el punto de montado /home)
Parando en el límite del sistema de archivos (GIT_DISCOVERY_ACROSS_FILESYSTEM no establecido).
> git rev-parse --show-toplevel
fatal: no es un repositorio git ( o ningún padre en el punto de montado /home)
Parando en el límite del sistema de archivos (GIT_DISCOVERY_ACROSS_FILESYSTEM no establecido).
> git rev-parse --show-toplevel
fatal: no es un repositorio git ( o ningún padre en el punto de montado /home)
Parando en el límite del sistema de archivos (GIT_DISCOVERY_ACROSS_FILESYSTEM no establecido).
> git rev-parse --show-toplevel
fatal: no es un repositorio git ( o ningún padre en el punto de montado /home)
Parando en el límite del sistema de archivos (GIT_DISCOVERY_ACROSS_FILESYSTEM no establecido).
> git rev-parse --show-toplevel
fatal: no es un repositorio git ( o ningún padre en el punto de montado /home)
Parando en el límite del sistema de archivos (GIT_DISCOVERY_ACROSS_FILESYSTEM no establecido).
> git rev-parse --show-toplevel
fatal: no es un repositorio git ( o ningún padre en el punto de montado /home)
Parando en el límite del sistema de archivos (GIT_DISCOVERY_ACROSS_FILESYSTEM no establecido).
> git rev-parse --show-toplevel
fatal: no es un repositorio git ( o ningún padre en el punto de montado /home)
Parando en el límite del sistema de archivos (GIT_DISCOVERY_ACROSS_FILESYSTEM no establecido).
> git rev-parse --show-toplevel
fatal: no es un repositorio git ( o ningún padre en el punto de montado /home)
Parando en el límite del sistema de archivos (GIT_DISCOVERY_ACROSS_FILESYSTEM no establecido).
> git rev-parse --show-toplevel
fatal: no es un repositorio git ( o ningún padre en el punto de montado /home)
Parando en el límite del sistema de archivos (GIT_DISCOVERY_ACROSS_FILESYSTEM no establecido).
> git rev-parse --show-toplevel
> git rev-parse --git-dir
Open repository: /home/adrianradice/React/App1/curso/presupuesto
> git status -z -u
> git symbolic-ref --short HEAD
> git rev-parse master
fatal: argumento ambiguo 'master': revisión desconocida o ruta fuera del árbol de trabajo.
Use '--' para separar las rutas de las revisiones, de esta manera:
'git <comando> [<revisión>...] -- [<archivo>...]'
> git for-each-ref --format %(refname) %(objectname) --sort -committerdate
> git remote --verbose
> git config --get commit.template
> git show :src/components/Pregunta.jsx
> git ls-files --stage -- /home/adrianradice/React/App1/curso/presupuesto/src/components/Pregunta.jsx
> git check-ignore -v -z --stdin
