[2020-02-28 12:49:47.415] [exthost] [info] extension host started
[2020-02-28 12:49:47.497] [exthost] [info] ExtensionService#_doActivateExtension vscode.debug-auto-launch {"startup":true,"extensionId":{"value":"vscode.debug-auto-launch","_lower":"vscode.debug-auto-launch"},"activationEvent":"*"}
[2020-02-28 12:49:47.497] [exthost] [info] ExtensionService#loadCommonJSModule file:///snap/code/25/usr/share/code/resources/app/extensions/debug-auto-launch/dist/extension
[2020-02-28 12:49:47.510] [exthost] [info] ExtensionService#_doActivateExtension vscode.emmet {"startup":true,"extensionId":{"value":"vscode.emmet","_lower":"vscode.emmet"},"activationEvent":"*"}
[2020-02-28 12:49:47.511] [exthost] [info] ExtensionService#loadCommonJSModule file:///snap/code/25/usr/share/code/resources/app/extensions/emmet/dist/extension
[2020-02-28 12:49:47.567] [exthost] [info] ExtensionService#_doActivateExtension vscode.git {"startup":true,"extensionId":{"value":"vscode.git","_lower":"vscode.git"},"activationEvent":"*"}
[2020-02-28 12:49:47.567] [exthost] [info] ExtensionService#loadCommonJSModule file:///snap/code/25/usr/share/code/resources/app/extensions/git/dist/main
[2020-02-28 12:49:47.672] [exthost] [info] ExtensionService#_doActivateExtension vscode.merge-conflict {"startup":true,"extensionId":{"value":"vscode.merge-conflict","_lower":"vscode.merge-conflict"},"activationEvent":"*"}
[2020-02-28 12:49:47.672] [exthost] [info] ExtensionService#loadCommonJSModule file:///snap/code/25/usr/share/code/resources/app/extensions/merge-conflict/dist/extension
[2020-02-28 12:49:47.676] [exthost] [info] ExtensionService#_doActivateExtension vscode.search-result {"startup":true,"extensionId":{"value":"vscode.search-result","_lower":"vscode.search-result"},"activationEvent":"*"}
[2020-02-28 12:49:47.676] [exthost] [info] ExtensionService#loadCommonJSModule file:///snap/code/25/usr/share/code/resources/app/extensions/search-result/dist/extension.js
[2020-02-28 12:49:47.678] [exthost] [info] ExtensionService#_doActivateExtension vscode.vscode-account {"startup":true,"extensionId":{"value":"vscode.vscode-account","_lower":"vscode.vscode-account"},"activationEvent":"*"}
[2020-02-28 12:49:47.678] [exthost] [info] ExtensionService#loadCommonJSModule file:///snap/code/25/usr/share/code/resources/app/extensions/vscode-account/dist/extension.js
[2020-02-28 12:49:47.681] [exthost] [info] ExtensionService#_doActivateExtension PKief.material-icon-theme {"startup":true,"extensionId":{"value":"PKief.material-icon-theme","_lower":"pkief.material-icon-theme"},"activationEvent":"*"}
[2020-02-28 12:49:47.681] [exthost] [info] ExtensionService#loadCommonJSModule file:///root/.vscode/extensions/pkief.material-icon-theme-3.9.3/dist/extension
[2020-02-28 12:49:47.695] [exthost] [info] ExtensionService#_doActivateExtension vscode-icons-team.vscode-icons {"startup":true,"extensionId":{"value":"vscode-icons-team.vscode-icons","_lower":"vscode-icons-team.vscode-icons"},"activationEvent":"*"}
[2020-02-28 12:49:47.695] [exthost] [info] ExtensionService#loadCommonJSModule file:///root/.vscode/extensions/vscode-icons-team.vscode-icons-10.0.0/dist/src/vscode-icons.bundle.js
[2020-02-28 12:49:47.755] [exthost] [info] eager extensions activated
[2020-02-28 12:49:57.691] [exthost] [info] extension host started
[2020-02-28 12:49:57.703] [exthost] [info] ExtensionService#_doActivateExtension vscode.debug-auto-launch {"startup":true,"extensionId":{"value":"vscode.debug-auto-launch","_lower":"vscode.debug-auto-launch"},"activationEvent":"*"}
[2020-02-28 12:49:57.704] [exthost] [info] ExtensionService#loadCommonJSModule file:///snap/code/25/usr/share/code/resources/app/extensions/debug-auto-launch/dist/extension
[2020-02-28 12:49:57.706] [exthost] [info] ExtensionService#_doActivateExtension vscode.emmet {"startup":true,"extensionId":{"value":"vscode.emmet","_lower":"vscode.emmet"},"activationEvent":"*"}
[2020-02-28 12:49:57.706] [exthost] [info] ExtensionService#loadCommonJSModule file:///snap/code/25/usr/share/code/resources/app/extensions/emmet/dist/extension
[2020-02-28 12:49:57.714] [exthost] [info] ExtensionService#_doActivateExtension vscode.git {"startup":true,"extensionId":{"value":"vscode.git","_lower":"vscode.git"},"activationEvent":"*"}
[2020-02-28 12:49:57.714] [exthost] [info] ExtensionService#loadCommonJSModule file:///snap/code/25/usr/share/code/resources/app/extensions/git/dist/main
[2020-02-28 12:49:57.723] [exthost] [info] ExtensionService#_doActivateExtension vscode.merge-conflict {"startup":true,"extensionId":{"value":"vscode.merge-conflict","_lower":"vscode.merge-conflict"},"activationEvent":"*"}
[2020-02-28 12:49:57.723] [exthost] [info] ExtensionService#loadCommonJSModule file:///snap/code/25/usr/share/code/resources/app/extensions/merge-conflict/dist/extension
[2020-02-28 12:49:57.726] [exthost] [info] ExtensionService#_doActivateExtension vscode.search-result {"startup":true,"extensionId":{"value":"vscode.search-result","_lower":"vscode.search-result"},"activationEvent":"*"}
[2020-02-28 12:49:57.726] [exthost] [info] ExtensionService#loadCommonJSModule file:///snap/code/25/usr/share/code/resources/app/extensions/search-result/dist/extension.js
[2020-02-28 12:49:57.727] [exthost] [info] ExtensionService#_doActivateExtension vscode.vscode-account {"startup":true,"extensionId":{"value":"vscode.vscode-account","_lower":"vscode.vscode-account"},"activationEvent":"*"}
[2020-02-28 12:49:57.727] [exthost] [info] ExtensionService#loadCommonJSModule file:///snap/code/25/usr/share/code/resources/app/extensions/vscode-account/dist/extension.js
[2020-02-28 12:49:57.729] [exthost] [info] ExtensionService#_doActivateExtension PKief.material-icon-theme {"startup":true,"extensionId":{"value":"PKief.material-icon-theme","_lower":"pkief.material-icon-theme"},"activationEvent":"*"}
[2020-02-28 12:49:57.729] [exthost] [info] ExtensionService#loadCommonJSModule file:///root/.vscode/extensions/pkief.material-icon-theme-3.9.3/dist/extension
[2020-02-28 12:49:57.736] [exthost] [info] ExtensionService#_doActivateExtension vscode-icons-team.vscode-icons {"startup":true,"extensionId":{"value":"vscode-icons-team.vscode-icons","_lower":"vscode-icons-team.vscode-icons"},"activationEvent":"*"}
[2020-02-28 12:49:57.736] [exthost] [info] ExtensionService#loadCommonJSModule file:///root/.vscode/extensions/vscode-icons-team.vscode-icons-10.0.0/dist/src/vscode-icons.bundle.js
[2020-02-28 12:49:57.778] [exthost] [info] ExtensionService#_doActivateExtension vscode.npm {"startup":true,"extensionId":{"value":"vscode.npm","_lower":"vscode.npm"},"activationEvent":"workspaceContains:package.json"}
[2020-02-28 12:49:57.778] [exthost] [info] ExtensionService#loadCommonJSModule file:///snap/code/25/usr/share/code/resources/app/extensions/npm/dist/main
[2020-02-28 12:49:57.831] [exthost] [info] eager extensions activated
[2020-02-28 12:51:07.221] [exthost] [info] ExtensionService#_doActivateExtension vscode.configuration-editing {"startup":false,"extensionId":{"value":"vscode.configuration-editing","_lower":"vscode.configuration-editing"},"activationEvent":"onLanguage:jsonc"}
[2020-02-28 12:51:07.221] [exthost] [info] ExtensionService#loadCommonJSModule file:///snap/code/25/usr/share/code/resources/app/extensions/configuration-editing/dist/extension
[2020-02-28 12:51:07.225] [exthost] [info] ExtensionService#_doActivateExtension vscode.json-language-features {"startup":false,"extensionId":{"value":"vscode.json-language-features","_lower":"vscode.json-language-features"},"activationEvent":"onLanguage:jsonc"}
[2020-02-28 12:51:07.225] [exthost] [info] ExtensionService#loadCommonJSModule file:///snap/code/25/usr/share/code/resources/app/extensions/json-language-features/client/dist/jsonMain
[2020-02-28 12:51:07.244] [exthost] [info] ExtensionService#_doActivateExtension vscode.typescript-language-features {"startup":false,"extensionId":{"value":"vscode.typescript-language-features","_lower":"vscode.typescript-language-features"},"activationEvent":"onLanguage:jsonc"}
[2020-02-28 12:51:07.244] [exthost] [info] ExtensionService#loadCommonJSModule file:///snap/code/25/usr/share/code/resources/app/extensions/typescript-language-features/dist/extension
[2020-02-28 12:52:11.543] [exthost] [info] ExtensionService#_doActivateExtension vscode.css-language-features {"startup":false,"extensionId":{"value":"vscode.css-language-features","_lower":"vscode.css-language-features"},"activationEvent":"onLanguage:css"}
[2020-02-28 12:52:11.543] [exthost] [info] ExtensionService#loadCommonJSModule file:///snap/code/25/usr/share/code/resources/app/extensions/css-language-features/client/dist/cssMain
[2020-02-28 13:24:45.373] [exthost] [info] ExtensionService#_doActivateExtension vscode.html-language-features {"startup":false,"extensionId":{"value":"vscode.html-language-features","_lower":"vscode.html-language-features"},"activationEvent":"onLanguage:html"}
[2020-02-28 13:24:45.373] [exthost] [info] ExtensionService#loadCommonJSModule file:///snap/code/25/usr/share/code/resources/app/extensions/html-language-features/client/dist/htmlMain
[2020-02-28 13:25:25.959] [exthost] [info] ExtensionService#_doActivateExtension vscode.extension-editing {"startup":false,"extensionId":{"value":"vscode.extension-editing","_lower":"vscode.extension-editing"},"activationEvent":"onLanguage:typescript"}
[2020-02-28 13:25:25.959] [exthost] [info] ExtensionService#loadCommonJSModule file:///snap/code/25/usr/share/code/resources/app/extensions/extension-editing/dist/extension
[2020-02-28 13:25:44.545] [exthost] [info] [vscode.typescript-language-features] UNSAVE result from 'resolveCompletionItem', extension SHOULD NOT change any of: additionalTextEdits, or command
